c:\users\xcy\documents\github\labelerdotssingle\build\debug\vc120.pdb
c:\users\xcy\documents\github\labelerdotssingle\build\debug\qrc_resources.obj
c:\users\xcy\documents\github\labelerdotssingle\build\debug\moc_viewqt.obj
c:\users\xcy\documents\github\labelerdotssingle\build\debug\moc_streamthread.obj
c:\users\xcy\documents\github\labelerdotssingle\build\debug\moc_mainwindow.obj
c:\users\xcy\documents\github\labelerdotssingle\build\debug\viewqt.obj
c:\users\xcy\documents\github\labelerdotssingle\build\debug\streamthread.obj
c:\users\xcy\documents\github\labelerdotssingle\build\debug\modelsqt.obj
c:\users\xcy\documents\github\labelerdotssingle\build\debug\mainwindow.obj
c:\users\xcy\documents\github\labelerdotssingle\build\debug\main.obj
c:\users\xcy\documents\github\labelerdotssingle\build\debug\buffers.obj
c:\users\xcy\documents\github\labelerdotssingle\build\debug\moc_mainwindow.cpp
c:\users\xcy\documents\github\labelerdotssingle\build\debug\moc_streamthread.cpp
c:\users\xcy\documents\github\labelerdotssingle\build\debug\moc_viewqt.cpp
c:\users\xcy\documents\github\labelerdotssingle\build\ui_mainwindow.h
c:\users\xcy\documents\github\labelerdotssingle\build\debug\qrc_resources.cpp
c:\users\xcy\documents\github\labelerdotssingle\build\debug\labelerdots.ilk
c:\users\xcy\documents\github\labelerdotssingle\build\debug\labelerdots.exe
c:\users\xcy\documents\github\labelerdotssingle\build\debug\labelerdots.pdb
c:\users\xcy\documents\github\labelerdotssingle\build\debug\labelerdots.tlog\cl.command.1.tlog
c:\users\xcy\documents\github\labelerdotssingle\build\debug\labelerdots.tlog\cl.read.1.tlog
c:\users\xcy\documents\github\labelerdotssingle\build\debug\labelerdots.tlog\cl.write.1.tlog
c:\users\xcy\documents\github\labelerdotssingle\build\debug\labelerdots.tlog\custombuild.command.1.tlog
c:\users\xcy\documents\github\labelerdotssingle\build\debug\labelerdots.tlog\custombuild.read.1.tlog
c:\users\xcy\documents\github\labelerdotssingle\build\debug\labelerdots.tlog\custombuild.write.1.tlog
c:\users\xcy\documents\github\labelerdotssingle\build\debug\labelerdots.tlog\link.command.1.tlog
c:\users\xcy\documents\github\labelerdotssingle\build\debug\labelerdots.tlog\link.read.1.tlog
c:\users\xcy\documents\github\labelerdotssingle\build\debug\labelerdots.tlog\link.write.1.tlog
