  MOC ..\includes\Qts\mainwindow.h
  MOC ..\includes\Qts\streamthread.h
  MOC ..\includes\Qts\viewqt.h
  UIC ..\mainwindow.ui
  RCC ..\resources.qrc
  buffers.cpp
  main.cpp
  mainwindow.cpp
..\src\Qts\mainwindow.cpp(170): warning C4100: 'event' : unreferenced formal parameter
..\src\Qts\mainwindow.cpp(250): warning C4996: 'sprintf': This function or variable may be unsafe. Consider using sprintf_s instead. To disable deprecation, use _CRT_SECURE_NO_WARNINGS. See online help for details.
          C:\Program Files (x86)\Microsoft Visual Studio 12.0\VC\include\stdio.h(356) : see declaration of 'sprintf'
..\src\Qts\mainwindow.cpp(349): warning C4996: 'sprintf': This function or variable may be unsafe. Consider using sprintf_s instead. To disable deprecation, use _CRT_SECURE_NO_WARNINGS. See online help for details.
          C:\Program Files (x86)\Microsoft Visual Studio 12.0\VC\include\stdio.h(356) : see declaration of 'sprintf'
  modelsqt.cpp
..\src\Qts\modelsqt.cpp(37): warning C4100: 'widget' : unreferenced formal parameter
..\src\Qts\modelsqt.cpp(37): warning C4100: 'option' : unreferenced formal parameter
..\src\Qts\modelsqt.cpp(73): warning C4100: 'widget' : unreferenced formal parameter
..\src\Qts\modelsqt.cpp(73): warning C4100: 'option' : unreferenced formal parameter
..\src\Qts\modelsqt.cpp(158): warning C4100: 'widget' : unreferenced formal parameter
..\src\Qts\modelsqt.cpp(158): warning C4100: 'option' : unreferenced formal parameter
..\src\Qts\modelsqt.cpp(264): warning C4100: 'widget' : unreferenced formal parameter
..\src\Qts\modelsqt.cpp(264): warning C4100: 'option' : unreferenced formal parameter
..\src\Qts\modelsqt.cpp(364): warning C4100: 'widget' : unreferenced formal parameter
..\src\Qts\modelsqt.cpp(364): warning C4100: 'option' : unreferenced formal parameter
  streamthread.cpp
..\src\Qts\streamthread.cpp(111): warning C4189: 'bb_i' : local variable is initialized but not referenced
..\src\Qts\streamthread.cpp(147): warning C4996: '_splitpath': This function or variable may be unsafe. Consider using _splitpath_s instead. To disable deprecation, use _CRT_SECURE_NO_WARNINGS. See online help for details.
          C:\Program Files (x86)\Microsoft Visual Studio 12.0\VC\include\stdlib.h(854) : see declaration of '_splitpath'
..\src\Qts\streamthread.cpp(160): warning C4018: '<' : signed/unsigned mismatch
..\src\Qts\streamthread.cpp(191): warning C4018: '<' : signed/unsigned mismatch
..\src\Qts\streamthread.cpp(209): warning C4996: 'sprintf': This function or variable may be unsafe. Consider using sprintf_s instead. To disable deprecation, use _CRT_SECURE_NO_WARNINGS. See online help for details.
          C:\Program Files (x86)\Microsoft Visual Studio 12.0\VC\include\stdio.h(356) : see declaration of 'sprintf'
..\src\Qts\streamthread.cpp(200): warning C4100: 'dir' : unreferenced formal parameter
..\src\Qts\streamthread.cpp(239): warning C4996: 'sprintf': This function or variable may be unsafe. Consider using sprintf_s instead. To disable deprecation, use _CRT_SECURE_NO_WARNINGS. See online help for details.
          C:\Program Files (x86)\Microsoft Visual Studio 12.0\VC\include\stdio.h(356) : see declaration of 'sprintf'
..\src\Qts\streamthread.cpp(262): warning C4996: 'sprintf': This function or variable may be unsafe. Consider using sprintf_s instead. To disable deprecation, use _CRT_SECURE_NO_WARNINGS. See online help for details.
          C:\Program Files (x86)\Microsoft Visual Studio 12.0\VC\include\stdio.h(356) : see declaration of 'sprintf'
..\src\Qts\streamthread.cpp(250): warning C4101: 'fidx' : unreferenced local variable
..\src\Qts\streamthread.cpp(250): warning C4101: 'y' : unreferenced local variable
..\src\Qts\streamthread.cpp(250): warning C4101: 'x' : unreferenced local variable
..\src\Qts\streamthread.cpp(292): warning C4101: 'fidx' : unreferenced local variable
..\src\Qts\streamthread.cpp(292): warning C4101: 'y' : unreferenced local variable
..\src\Qts\streamthread.cpp(292): warning C4101: 'x' : unreferenced local variable
  viewqt.cpp
..\src\Qts\viewqt.cpp(16): warning C4100: 'evt' : unreferenced formal parameter
..\src\Qts\viewqt.cpp(66): warning C4996: 'sprintf': This function or variable may be unsafe. Consider using sprintf_s instead. To disable deprecation, use _CRT_SECURE_NO_WARNINGS. See online help for details.
          C:\Program Files (x86)\Microsoft Visual Studio 12.0\VC\include\stdio.h(356) : see declaration of 'sprintf'
..\src\Qts\viewqt.cpp(75): warning C4018: '<' : signed/unsigned mismatch
..\src\Qts\viewqt.cpp(142): warning C4018: '<' : signed/unsigned mismatch
..\src\Qts\viewqt.cpp(149): warning C4996: 'sprintf': This function or variable may be unsafe. Consider using sprintf_s instead. To disable deprecation, use _CRT_SECURE_NO_WARNINGS. See online help for details.
          C:\Program Files (x86)\Microsoft Visual Studio 12.0\VC\include\stdio.h(356) : see declaration of 'sprintf'
..\src\Qts\viewqt.cpp(183): warning C4100: 'bbidx' : unreferenced formal parameter
..\src\Qts\viewqt.cpp(200): warning C4018: '<' : signed/unsigned mismatch
..\src\Qts\viewqt.cpp(205): warning C4996: 'sprintf': This function or variable may be unsafe. Consider using sprintf_s instead. To disable deprecation, use _CRT_SECURE_NO_WARNINGS. See online help for details.
          C:\Program Files (x86)\Microsoft Visual Studio 12.0\VC\include\stdio.h(356) : see declaration of 'sprintf'
..\src\Qts\viewqt.cpp(218): warning C4996: 'sprintf': This function or variable may be unsafe. Consider using sprintf_s instead. To disable deprecation, use _CRT_SECURE_NO_WARNINGS. See online help for details.
          C:\Program Files (x86)\Microsoft Visual Studio 12.0\VC\include\stdio.h(356) : see declaration of 'sprintf'
..\src\Qts\viewqt.cpp(257): warning C4996: 'sprintf': This function or variable may be unsafe. Consider using sprintf_s instead. To disable deprecation, use _CRT_SECURE_NO_WARNINGS. See online help for details.
          C:\Program Files (x86)\Microsoft Visual Studio 12.0\VC\include\stdio.h(356) : see declaration of 'sprintf'
..\src\Qts\viewqt.cpp(298): warning C4996: 'sprintf': This function or variable may be unsafe. Consider using sprintf_s instead. To disable deprecation, use _CRT_SECURE_NO_WARNINGS. See online help for details.
          C:\Program Files (x86)\Microsoft Visual Studio 12.0\VC\include\stdio.h(356) : see declaration of 'sprintf'
  moc_mainwindow.cpp
  moc_streamthread.cpp
  moc_viewqt.cpp
  qrc_resources.cpp
  Generating Code...
  labelerDots.vcxproj -> C:\Users\xcy\Documents\GitHub\labelerDotsSingle\build\release\labelerDots.exe
